This is XeTeX, Version 3.14159265-2.6-0.99999 (TeX Live 2018/W32TeX) (preloaded format=xelatex 2018.10.17)  30 OCT 2018 21:23
entering extended mode
 restricted \write18 enabled.
 %&-line parsing enabled.
**"Miao Cai -CV - Chinese.tex"
(./Miao Cai -CV - Chinese.tex
LaTeX2e <2018-04-01> patch level 5
(c:/texlive/2018/texmf-dist/tex/latex/base/article.cls
Document Class: article 2014/09/29 v1.4h Standard LaTeX document class
(c:/texlive/2018/texmf-dist/tex/latex/base/size11.clo
File: size11.clo 2014/09/29 v1.4h Standard LaTeX file (size option)
)
\c@part=\count80
\c@section=\count81
\c@subsection=\count82
\c@subsubsection=\count83
\c@paragraph=\count84
\c@subparagraph=\count85
\c@figure=\count86
\c@table=\count87
\abovecaptionskip=\skip41
\belowcaptionskip=\skip42
\bibindent=\dimen102
)
(c:/texlive/2018/texmf-dist/tex/latex/fontspec/fontspec.sty
(c:/texlive/2018/texmf-dist/tex/latex/l3packages/xparse/xparse.sty
(c:/texlive/2018/texmf-dist/tex/latex/l3kernel/expl3.sty
Package: expl3 2018-09-24 L3 programming layer (loader) 

(c:/texlive/2018/texmf-dist/tex/latex/l3kernel/expl3-code.tex
Package: expl3 2018-09-24 L3 programming layer (code)
\c_max_int=\count88
\l_tmpa_int=\count89
\l_tmpb_int=\count90
\g_tmpa_int=\count91
\g_tmpb_int=\count92
\g__kernel_prg_map_int=\count93
\c_log_iow=\count94
\l_iow_line_count_int=\count95
\l__iow_line_target_int=\count96
\l__iow_one_indent_int=\count97
\l__iow_indent_int=\count98
\c_zero_dim=\dimen103
\c_max_dim=\dimen104
\l_tmpa_dim=\dimen105
\l_tmpb_dim=\dimen106
\g_tmpa_dim=\dimen107
\g_tmpb_dim=\dimen108
\c_zero_skip=\skip43
\c_max_skip=\skip44
\l_tmpa_skip=\skip45
\l_tmpb_skip=\skip46
\g_tmpa_skip=\skip47
\g_tmpb_skip=\skip48
\c_zero_muskip=\muskip10
\c_max_muskip=\muskip11
\l_tmpa_muskip=\muskip12
\l_tmpb_muskip=\muskip13
\g_tmpa_muskip=\muskip14
\g_tmpb_muskip=\muskip15
\l_keys_choice_int=\count99
\l__intarray_loop_int=\count100
\c__intarray_sp_dim=\dimen109
\g__intarray_font_int=\count101
\c__fp_leading_shift_int=\count102
\c__fp_middle_shift_int=\count103
\c__fp_trailing_shift_int=\count104
\c__fp_big_leading_shift_int=\count105
\c__fp_big_middle_shift_int=\count106
\c__fp_big_trailing_shift_int=\count107
\c__fp_Bigg_leading_shift_int=\count108
\c__fp_Bigg_middle_shift_int=\count109
\c__fp_Bigg_trailing_shift_int=\count110
\g__fp_array_int=\count111
\l__fp_array_loop_int=\count112
\l__sort_length_int=\count113
\l__sort_min_int=\count114
\l__sort_top_int=\count115
\l__sort_max_int=\count116
\l__sort_true_max_int=\count117
\l__sort_block_int=\count118
\l__sort_begin_int=\count119
\l__sort_end_int=\count120
\l__sort_A_int=\count121
\l__sort_B_int=\count122
\l__sort_C_int=\count123
\l__tl_analysis_normal_int=\count124
\l__tl_analysis_index_int=\count125
\l__tl_analysis_nesting_int=\count126
\l__tl_analysis_type_int=\count127
\l__regex_internal_a_int=\count128
\l__regex_internal_b_int=\count129
\l__regex_internal_c_int=\count130
\l__regex_balance_int=\count131
\l__regex_group_level_int=\count132
\l__regex_mode_int=\count133
\c__regex_cs_in_class_mode_int=\count134
\c__regex_cs_mode_int=\count135
\l__regex_catcodes_int=\count136
\l__regex_default_catcodes_int=\count137
\c__regex_catcode_L_int=\count138
\c__regex_catcode_O_int=\count139
\c__regex_catcode_A_int=\count140
\c__regex_all_catcodes_int=\count141
\l__regex_show_lines_int=\count142
\l__regex_min_state_int=\count143
\l__regex_max_state_int=\count144
\l__regex_left_state_int=\count145
\l__regex_right_state_int=\count146
\l__regex_capturing_group_int=\count147
\l__regex_min_pos_int=\count148
\l__regex_max_pos_int=\count149
\l__regex_curr_pos_int=\count150
\l__regex_start_pos_int=\count151
\l__regex_success_pos_int=\count152
\l__regex_curr_char_int=\count153
\l__regex_curr_catcode_int=\count154
\l__regex_last_char_int=\count155
\l__regex_case_changed_char_int=\count156
\l__regex_curr_state_int=\count157
\l__regex_step_int=\count158
\l__regex_min_active_int=\count159
\l__regex_max_active_int=\count160
\l__regex_replacement_csnames_int=\count161
\l__regex_match_count_int=\count162
\l__regex_min_submatch_int=\count163
\l__regex_submatch_int=\count164
\l__regex_zeroth_submatch_int=\count165
\g__regex_trace_regex_int=\count166
\c_empty_box=\box26
\l_tmpa_box=\box27
\l_tmpb_box=\box28
\g_tmpa_box=\box29
\g_tmpb_box=\box30
\l__box_top_dim=\dimen110
\l__box_bottom_dim=\dimen111
\l__box_left_dim=\dimen112
\l__box_right_dim=\dimen113
\l__box_top_new_dim=\dimen114
\l__box_bottom_new_dim=\dimen115
\l__box_left_new_dim=\dimen116
\l__box_right_new_dim=\dimen117
\l__box_internal_box=\box31
\l__coffin_internal_box=\box32
\l__coffin_internal_dim=\dimen118
\l__coffin_offset_x_dim=\dimen119
\l__coffin_offset_y_dim=\dimen120
\l__coffin_x_dim=\dimen121
\l__coffin_y_dim=\dimen122
\l__coffin_x_prime_dim=\dimen123
\l__coffin_y_prime_dim=\dimen124
\c_empty_coffin=\box33
\l__coffin_aligned_coffin=\box34
\l__coffin_aligned_internal_coffin=\box35
\l_tmpa_coffin=\box36
\l_tmpb_coffin=\box37
\l__coffin_display_coffin=\box38
\l__coffin_display_coord_coffin=\box39
\l__coffin_display_pole_coffin=\box40
\l__coffin_display_offset_dim=\dimen125
\l__coffin_display_x_dim=\dimen126
\l__coffin_display_y_dim=\dimen127
\g__file_internal_ior=\read1
\l__coffin_bounding_shift_dim=\dimen128
\l__coffin_left_corner_dim=\dimen129
\l__coffin_right_corner_dim=\dimen130
\l__coffin_bottom_corner_dim=\dimen131
\l__coffin_top_corner_dim=\dimen132
\l__coffin_scaled_total_height_dim=\dimen133
\l__coffin_scaled_width_dim=\dimen134
)
(c:/texlive/2018/texmf-dist/tex/latex/l3kernel/l3xdvipdfmx.def
File: l3xdvidpfmx.def 2018-09-24 v L3 Experimental driver: xdvipdfmx
\g__driver_image_int=\count167
\g__driver_pdf_object_int=\count168
))
Package: xparse 2018-09-24 L3 Experimental document command parser
\l__xparse_current_arg_int=\count169
\g__xparse_grabber_int=\count170
\l__xparse_m_args_int=\count171
\l__xparse_mandatory_args_int=\count172
\l__xparse_v_nesting_int=\count173
)
Package: fontspec 2018/07/30 vv2.6h Font selection for XeLaTeX and LuaLaTeX

(c:/texlive/2018/texmf-dist/tex/latex/fontspec/fontspec-xetex.sty
Package: fontspec-xetex 2018/07/30 vv2.6h Font selection for XeLaTeX and LuaLaT
eX
\l__fontspec_script_int=\count174
\l__fontspec_language_int=\count175
\l__fontspec_strnum_int=\count176
\l__fontspec_tmp_int=\count177
\l__fontspec_em_int=\count178
\l__fontspec_emdef_int=\count179
\l__fontspec_strong_int=\count180
\l__fontspec_strongdef_int=\count181
\l__fontspec_tmpa_dim=\dimen135
\l__fontspec_tmpb_dim=\dimen136
\l__fontspec_tmpc_dim=\dimen137

(c:/texlive/2018/texmf-dist/tex/latex/base/fontenc.sty
Package: fontenc 2017/04/05 v2.0i Standard LaTeX package

(c:/texlive/2018/texmf-dist/tex/latex/base/tuenc.def
File: tuenc.def 2017/04/05 v2.0i Standard LaTeX file
LaTeX Font Info:    Redeclaring font encoding TU on input line 82.
))
.................................................
. LaTeX info: "xparse/define-command"
. 
. Defining command \fontspec with sig. 'O{}mO{}' on line 561.
.................................................
.................................................
. LaTeX info: "xparse/define-command"
. 
. Defining command \setmainfont with sig. 'O{}mO{}' on line 566.
.................................................
.................................................
. LaTeX info: "xparse/define-command"
. 
. Defining command \setsansfont with sig. 'O{}mO{}' on line 571.
.................................................
.................................................
. LaTeX info: "xparse/define-command"
. 
. Defining command \setmonofont with sig. 'O{}mO{}' on line 576.
.................................................
.................................................
. LaTeX info: "xparse/define-command"
. 
. Defining command \setmathrm with sig. 'O{}mO{}' on line 580.
.................................................
.................................................
. LaTeX info: "xparse/define-command"
. 
. Defining command \setboldmathrm with sig. 'O{}mO{}' on line 584.
.................................................
.................................................
. LaTeX info: "xparse/define-command"
. 
. Defining command \setmathsf with sig. 'O{}mO{}' on line 588.
.................................................
.................................................
. LaTeX info: "xparse/define-command"
. 
. Defining command \setmathtt with sig. 'O{}mO{}' on line 592.
.................................................
.................................................
. LaTeX info: "xparse/define-command"
. 
. Defining command \setromanfont with sig. 'O{}mO{}' on line 596.
.................................................
.................................................
. LaTeX info: "xparse/define-command"
. 
. Defining command \newfontfamily with sig. 'mO{}mO{}' on line 600.
.................................................
.................................................
. LaTeX info: "xparse/define-command"
. 
. Defining command \renewfontfamily with sig. 'mO{}mO{}' on line 604.
.................................................
.................................................
. LaTeX info: "xparse/define-command"
. 
. Defining command \setfontfamily with sig. 'mO{}mO{}' on line 608.
.................................................
.................................................
. LaTeX info: "xparse/define-command"
. 
. Defining command \newfontface with sig. 'mO{}mO{}' on line 612.
.................................................
.................................................
. LaTeX info: "xparse/define-command"
. 
. Defining command \defaultfontfeatures with sig. 't+om' on line 619.
.................................................
.................................................
. LaTeX info: "xparse/define-command"
. 
. Defining command \addfontfeatures with sig. 'm' on line 623.
.................................................
.................................................
. LaTeX info: "xparse/define-command"
. 
. Defining command \addfontfeature with sig. 'm' on line 627.
.................................................
.................................................
. LaTeX info: "xparse/define-command"
. 
. Defining command \newfontfeature with sig. 'mm' on line 631.
.................................................
.................................................
. LaTeX info: "xparse/define-command"
. 
. Defining command \newAATfeature with sig. 'mmmm' on line 635.
.................................................
.................................................
. LaTeX info: "xparse/define-command"
. 
. Defining command \newopentypefeature with sig. 'mmm' on line 639.
.................................................
.................................................
. LaTeX info: "xparse/define-command"
. 
. Defining command \newICUfeature with sig. 'mmm' on line 643.
.................................................
.................................................
. LaTeX info: "xparse/define-command"
. 
. Defining command \aliasfontfeature with sig. 'mm' on line 647.
.................................................
.................................................
. LaTeX info: "xparse/define-command"
. 
. Defining command \aliasfontfeatureoption with sig. 'mmm' on line 651.
.................................................
.................................................
. LaTeX info: "xparse/define-command"
. 
. Defining command \newfontscript with sig. 'mm' on line 655.
.................................................
.................................................
. LaTeX info: "xparse/define-command"
. 
. Defining command \newfontlanguage with sig. 'mm' on line 659.
.................................................
.................................................
. LaTeX info: "xparse/define-command"
. 
. Defining command \DeclareFontExtensions with sig. 'm' on line 663.
.................................................
.................................................
. LaTeX info: "xparse/define-command"
. 
. Defining command \IfFontFeatureActiveTF with sig. 'mmm' on line 667.
.................................................
.................................................
. LaTeX info: "xparse/define-command"
. 
. Defining command \EncodingCommand with sig. 'mO{}m' on line 3655.
.................................................
.................................................
. LaTeX info: "xparse/define-command"
. 
. Defining command \EncodingAccent with sig. 'mm' on line 3661.
.................................................
.................................................
. LaTeX info: "xparse/define-command"
. 
. Defining command \EncodingSymbol with sig. 'mm' on line 3667.
.................................................
.................................................
. LaTeX info: "xparse/define-command"
. 
. Defining command \EncodingComposite with sig. 'mmm' on line 3673.
.................................................
.................................................
. LaTeX info: "xparse/define-command"
. 
. Defining command \EncodingCompositeCommand with sig. 'mmm' on line 3679.
.................................................
.................................................
. LaTeX info: "xparse/define-command"
. 
. Defining command \DeclareUnicodeEncoding with sig. 'mm' on line 3704.
.................................................
.................................................
. LaTeX info: "xparse/define-command"
. 
. Defining command \UndeclareSymbol with sig. 'm' on line 3710.
.................................................
.................................................
. LaTeX info: "xparse/define-command"
. 
. Defining command \UndeclareAccent with sig. 'm' on line 3716.
.................................................
.................................................
. LaTeX info: "xparse/define-command"
. 
. Defining command \UndeclareCommand with sig. 'm' on line 3722.
.................................................
.................................................
. LaTeX info: "xparse/define-command"
. 
. Defining command \UndeclareComposite with sig. 'mm' on line 3729.
.................................................

(c:/texlive/2018/texmf-dist/tex/latex/fontspec/fontspec.cfg)
LaTeX Info: Redefining \itshape on input line 3910.
LaTeX Info: Redefining \slshape on input line 3915.
LaTeX Info: Redefining \scshape on input line 3920.
LaTeX Info: Redefining \upshape on input line 3925.
LaTeX Info: Redefining \em on input line 3955.
LaTeX Info: Redefining \emph on input line 3980.
LaTeX Info: Redefining \- on input line 4034.
.................................................
. LaTeX info: "xparse/redefine-command"
. 
. Redefining command \oldstylenums with sig. 'm' on line 4129.
.................................................
.................................................
. LaTeX info: "xparse/define-command"
. 
. Defining command \liningnums with sig. 'm' on line 4133.
.................................................
))
(c:/texlive/2018/texmf-dist/tex/latex/ctex/ctex.sty
Package: ctex 2018/05/02 v2.4.14 Chinese adapter in LaTeX (CTEX)

(c:/texlive/2018/texmf-dist/tex/latex/l3packages/l3keys2e/l3keys2e.sty
Package: l3keys2e 2018-09-24 LaTeX2e option processing using LaTeX3 keys
)
(c:/texlive/2018/texmf-dist/tex/latex/ctex/ctexhook.sty
Package: ctexhook 2018/05/02 v2.4.14 Document and package hooks (CTEX)
)
(c:/texlive/2018/texmf-dist/tex/latex/ctex/ctexpatch.sty
Package: ctexpatch 2018/05/02 v2.4.14 Patching commands (CTEX)
)
(c:/texlive/2018/texmf-dist/tex/latex/base/fix-cm.sty
Package: fix-cm 2015/01/14 v1.1t fixes to LaTeX

(c:/texlive/2018/texmf-dist/tex/latex/base/ts1enc.def
File: ts1enc.def 2001/06/05 v3.0e (jk/car/fm) Standard LaTeX file
))
(c:/texlive/2018/texmf-dist/tex/latex/ms/everysel.sty
Package: everysel 2011/10/28 v1.2 EverySelectfont Package (MS)
)
\l__ctex_tmp_int=\count182
\l__ctex_tmp_box=\box41
\l__ctex_tmp_dim=\dimen138
\g__ctex_font_size_flag=\count183

(c:/texlive/2018/texmf-dist/tex/latex/ctex/config/ctexopts.cfg
File: ctexopts.cfg 2018/05/02 v2.4.14 Option configuration file (CTEX)
)
(c:/texlive/2018/texmf-dist/tex/latex/ctex/engine/ctex-engine-xetex.def
File: ctex-engine-xetex.def 2018/05/02 v2.4.14 XeLaTeX adapter (CTEX)

(c:/texlive/2018/texmf-dist/tex/xelatex/xecjk/xeCJK.sty
Package: xeCJK 2018/04/30 v3.7.1 Typesetting CJK scripts with XeLaTeX

(c:/texlive/2018/texmf-dist/tex/latex/l3packages/xtemplate/xtemplate.sty
Package: xtemplate 2018-09-24 L3 Experimental prototype document functions
\l__xtemplate_tmp_dim=\dimen139
\l__xtemplate_tmp_int=\count184
\l__xtemplate_tmp_muskip=\muskip16
\l__xtemplate_tmp_skip=\skip49
)
\l__xeCJK_tmp_int=\count185
\l__xeCJK_tmp_box=\box42
\l__xeCJK_tmp_dim=\dimen140
\l__xeCJK_tmp_skip=\skip50
.................................................
. LaTeX info: "xparse/define-command"
. 
. Defining command \xeCJKShipoutHook with sig. '' on line 150.
.................................................
\g__xeCJK_space_factor_int=\count186
\l__xeCJK_begin_int=\count187
\l__xeCJK_end_int=\count188
.................................................
. LaTeX info: "xparse/define-command"
. 
. Defining command \makexeCJKactive with sig. '' on line 396.
.................................................
.................................................
. LaTeX info: "xparse/define-command"
. 
. Defining command \makexeCJKinactive with sig. '' on line 398.
.................................................
\c__xeCJK_CJK_class_int=\XeTeXcharclass1
\c__xeCJK_FullLeft_class_int=\XeTeXcharclass2
\c__xeCJK_FullRight_class_int=\XeTeXcharclass3
\c__xeCJK_HalfLeft_class_int=\XeTeXcharclass4
\c__xeCJK_HalfRight_class_int=\XeTeXcharclass5
\c__xeCJK_NormalSpace_class_int=\XeTeXcharclass6
\c__xeCJK_CM_class_int=\XeTeXcharclass7
\c__xeCJK_HangulJamo_class_int=\XeTeXcharclass8
.................................................
. LaTeX info: "xparse/define-command"
. 
. Defining command \xeCJKDeclareCharClass with sig. 's>{\TrimSpaces }mm' on
. line 580.
.................................................
.................................................
. LaTeX info: "xparse/define-command"
. 
. Defining command \__xeCJK_set_char_class_aux:Nnw with sig.
. 'm>{\SplitArgument {1}{->}}m' on line 601.
.................................................
.................................................
. LaTeX info: "xparse/define-command"
. 
. Defining command \normalspacedchars with sig. 'm' on line 647.
.................................................
.................................................
. LaTeX info: "xparse/define-command"
. 
. Defining command \xeCJKResetPunctClass with sig. '' on line 658.
.................................................
.................................................
. LaTeX info: "xparse/define-command"
. 
. Defining command \xeCJKResetCharClass with sig. '' on line 670.
.................................................
\l__xeCJK_last_skip=\skip51
\g__xeCJK_node_int=\count189
\c__xeCJK_CJK_node_dim=\dimen141
\c__xeCJK_CJK-space_node_dim=\dimen142
\c__xeCJK_default_node_dim=\dimen143
\c__xeCJK_default-space_node_dim=\dimen144
\c__xeCJK_CJK-widow_node_dim=\dimen145
\c__xeCJK_normalspace_node_dim=\dimen146
\l__xeCJK_ccglue_skip=\skip52
\l__xeCJK_ecglue_skip=\skip53
\l__xeCJK_punct_kern_skip=\skip54
\l__xeCJK_last_penalty_int=\count190
\l__xeCJK_last_bound_dim=\dimen147
\l__xeCJK_last_kern_dim=\dimen148
.................................................
. LaTeX info: "xparse/define-command"
. 
. Defining command \xeCJKnobreak with sig. '' on line 1889.
.................................................
\l__xeCJK_widow_penalty_int=\count191
.................................................
. LaTeX info: "xparse/define-command"
. 
. Defining command \xeCJKDeclareSubCJKBlock with sig. 's>{\TrimSpaces }mm' on
. line 2084.
.................................................
.................................................
. LaTeX info: "xparse/define-command"
. 
. Defining command \xeCJKCancelSubCJKBlock with sig. 'sm' on line 2095.
.................................................
.................................................
. LaTeX info: "xparse/define-command"
. 
. Defining command \xeCJKRestoreSubCJKBlock with sig. 'sm' on line 2104.
.................................................
.................................................
. LaTeX info: "xparse/define-command"
. 
. Defining command \xeCJKsetwidth with sig. 'smm' on line 2202.
.................................................
.................................................
. LaTeX info: "xparse/define-command"
. 
. Defining command \xeCJKsetkern with sig. 'mmm' on line 2206.
.................................................
.................................................
. xtemplate info: "declare-object-type"
. 
. Declaring object type 'xeCJK/punctuation' taking 0 argument(s) on line 2362.
.................................................
\l__xeCJK_fixed_punct_width_dim=\dimen149
\l__xeCJK_mixed_punct_width_dim=\dimen150
\l__xeCJK_middle_punct_width_dim=\dimen151
\l__xeCJK_fixed_margin_width_dim=\dimen152
\l__xeCJK_mixed_margin_width_dim=\dimen153
\l__xeCJK_middle_margin_width_dim=\dimen154
\l__xeCJK_bound_punct_width_dim=\dimen155
\l__xeCJK_bound_margin_width_dim=\dimen156
\l__xeCJK_margin_minimum_dim=\dimen157
\l__xeCJK_kerning_total_width_dim=\dimen158
\l__xeCJK_same_align_margin_dim=\dimen159
\l__xeCJK_different_align_margin_dim=\dimen160
\l__xeCJK_kerning_margin_width_dim=\dimen161
\l__xeCJK_kerning_margin_minimum_dim=\dimen162
\l__xeCJK_bound_dim=\dimen163
\l__xeCJK_reverse_bound_dim=\dimen164
\l__xeCJK_minimum_bound_dim=\dimen165
\l__xeCJK_kerning_margin_dim=\dimen166
\l__xeCJK_original_margin_dim=\dimen167
.................................................
. LaTeX info: "xparse/define-command"
. 
. Defining command \xeCJKDeclarePunctStyle with sig. '>{\TrimSpaces }mm' on
. line 2942.
.................................................
.................................................
. LaTeX info: "xparse/define-command"
. 
. Defining command \xeCJKEditPunctStyle with sig. '>{\TrimSpaces }mm' on line
. 2955.
.................................................
.................................................
. LaTeX info: "xparse/define-command"
. 
. Defining command \setCJKfallbackfamilyfont with sig. 'mom' on line 3059.
.................................................
\g__xeCJK_family_int=\count192
.................................................
. LaTeX info: "xparse/define-command"
. 
. Defining command \CJKfamily with sig. 't+t-m' on line 3493.
.................................................
.................................................
. LaTeX info: "xparse/define-command"
. 
. Defining command \__xeCJK_gobble_CJKfamily:wn with sig. 't+t-m' on line
. 3558.
.................................................
.................................................
. LaTeX info: "xparse/define-command"
. 
. Defining command \__xeCJK_post_arg:w with sig. 'mmmO{}' on line 3618.
.................................................
.................................................
. LaTeX info: "xparse/define-command"
. 
. Defining command \setCJKmainfont with sig. 'om' on line 3624.
.................................................
.................................................
. LaTeX info: "xparse/define-command"
. 
. Defining command \setCJKsansfont with sig. 'om' on line 3631.
.................................................
.................................................
. LaTeX info: "xparse/define-command"
. 
. Defining command \setCJKmonofont with sig. 'om' on line 3637.
.................................................
.................................................
. LaTeX info: "xparse/define-command"
. 
. Defining command \setCJKfamilyfont with sig. 'mom' on line 3648.
.................................................
.................................................
. LaTeX info: "xparse/define-command"
. 
. Defining command \newCJKfontfamily with sig. 'omom' on line 3658.
.................................................
.................................................
. LaTeX info: "xparse/define-command"
. 
. Defining command \CJKfontspec with sig. 'om' on line 3664.
.................................................
.................................................
. LaTeX info: "xparse/define-command"
. 
. Defining command \defaultCJKfontfeatures with sig. 'm' on line 3687.
.................................................
.................................................
. LaTeX info: "xparse/define-command"
. 
. Defining command \addCJKfontfeatures with sig. 'sO{}m' on line 3693.
.................................................
.................................................
. LaTeX info: "xparse/define-command"
. 
. Defining command \setCJKmathfont with sig. 'om' on line 3870.
.................................................
\l__xeCJK_fam_int=\count193
\g__xeCJK_fam_allocation_int=\count194
\l__xeCJK_verb_case_int=\count195
.................................................
. LaTeX info: "xparse/define-command"
. 
. Defining command \xeCJKVerbAddon with sig. '' on line 4117.
.................................................
.................................................
. LaTeX info: "xparse/define-command"
. 
. Defining command \xeCJKOffVerbAddon with sig. '' on line 4121.
.................................................
\l__xeCJK_verb_exspace_skip=\skip55
.................................................
. LaTeX info: "xparse/define-command"
. 
. Defining command \xeCJKsetup with sig. '+m' on line 4422.
.................................................
.................................................
. LaTeX info: "xparse/define-command"
. 
. Defining command \xeCJKsetemboldenfactor with sig. 'm' on line 4424.
.................................................
.................................................
. LaTeX info: "xparse/define-command"
. 
. Defining command \xeCJKsetslantfactor with sig. 'm' on line 4426.
.................................................
.................................................
. LaTeX info: "xparse/define-command"
. 
. Defining command \punctstyle with sig. 'm' on line 4427.
.................................................
.................................................
. LaTeX info: "xparse/define-command"
. 
. Defining command \xeCJKplainchr with sig. '' on line 4428.
.................................................
.................................................
. LaTeX info: "xparse/define-command"
. 
. Defining command \CJKsetecglue with sig. 'm' on line 4429.
.................................................
.................................................
. LaTeX info: "xparse/define-command"
. 
. Defining command \CJKspace with sig. '' on line 4431.
.................................................
.................................................
. LaTeX info: "xparse/define-command"
. 
. Defining command \CJKnospace with sig. '' on line 4432.
.................................................
.................................................
. LaTeX info: "xparse/define-command"
. 
. Defining command \xeCJKallowbreakbetweenpuncts with sig. '' on line 4434.
.................................................
.................................................
. LaTeX info: "xparse/define-command"
. 
. Defining command \xeCJKnobreakbetweenpuncts with sig. '' on line 4436.
.................................................
.................................................
. LaTeX info: "xparse/define-command"
. 
. Defining command \xeCJKenablefallback with sig. '' on line 4438.
.................................................
.................................................
. LaTeX info: "xparse/define-command"
. 
. Defining command \xeCJKdisablefallback with sig. '' on line 4440.
.................................................
.................................................
. LaTeX info: "xparse/define-command"
. 
. Defining command \xeCJKsetcharclass with sig. 'mmm' on line 4445.
.................................................
.................................................
. LaTeX info: "xparse/redefine-command"
. 
. Redefining command \fontfamily with sig. 'm' on line 4628.
.................................................

(c:/texlive/2018/texmf-dist/tex/xelatex/xecjk/xeCJK.cfg
File: xeCJK.cfg 2018/04/30 v3.7.1 Configuration file for xeCJK package
))
(c:/texlive/2018/texmf-dist/tex/xelatex/xecjk/xeCJKfntef.sty
Package: xeCJKfntef 2018/04/30 v3.7.1 xeCJK font effect

(c:/texlive/2018/texmf-dist/tex/generic/ulem/ulem.sty
\UL@box=\box43
\UL@hyphenbox=\box44
\UL@skip=\skip56
\UL@hook=\toks14
\UL@height=\dimen168
\UL@pe=\count196
\UL@pixel=\dimen169
\ULC@box=\box45
Package: ulem 2012/05/18
\ULdepth=\dimen170
)
(c:/texlive/2018/texmf-dist/tex/latex/environ/environ.sty
Package: environ 2014/05/04 v0.3 A new way to define environments

(c:/texlive/2018/texmf-dist/tex/latex/trimspaces/trimspaces.sty
Package: trimspaces 2009/09/17 v1.1 Trim spaces around a token list
)
\@envbody=\toks15
)
(c:/texlive/2018/texmf-dist/tex/latex/cjk/texinput/CJKfntef.sty
Package: CJKfntef 2015/04/18 4.8.4
\CJK@fntefSkip=\skip57
\CJK@nest=\count197
\CJK@fntefDimen=\dimen171
\CJK@underdotBox=\box46
\CJK@ULbox=\box47
\CJK@underanyskip=\dimen172
)
\l__xeCJK_space_skip=\skip58
\c__xeCJK_ulem-begin_node_dim=\dimen173
\c__xeCJK_null_box=\box48
.................................................
. LaTeX info: "xparse/define-command"
. 
. Defining command \xeCJKfntefon with sig. 'st-so' on line 657.
.................................................
.................................................
. LaTeX info: "xparse/redefine-command"
. 
. Redefining command \CJKunderline with sig. 'st-so' on line 673.
.................................................
.................................................
. LaTeX info: "xparse/redefine-command"
. 
. Redefining command \varCJKunderline with sig. '' on line 675.
.................................................
.................................................
. LaTeX info: "xparse/redefine-command"
. 
. Redefining command \CJKunderwave with sig. 'st-so' on line 685.
.................................................
.................................................
. LaTeX info: "xparse/redefine-command"
. 
. Redefining command \CJKunderdblline with sig. 'st-so' on line 709.
.................................................
.................................................
. LaTeX info: "xparse/redefine-command"
. 
. Redefining command \CJKsout with sig. 'st-so' on line 728.
.................................................
.................................................
. LaTeX info: "xparse/redefine-command"
. 
. Redefining command \CJKxout with sig. 'st-so' on line 745.
.................................................
.................................................
. LaTeX info: "xparse/redefine-command"
. 
. Redefining command \CJKunderanyline with sig. 'st-somm' on line 766.
.................................................
\l__xeCJK_fntef_box=\box49
.................................................
. LaTeX info: "xparse/redefine-command"
. 
. Redefining command \CJKunderanysymbol with sig. 'ommm' on line 940.
.................................................
.................................................
. LaTeX info: "xparse/redefine-command"
. 
. Redefining command \CJKunderdot with sig. 'om' on line 949.
.................................................
\l__xeCJK_under_symbol_box=\box50
.................................................
. LaTeX info: "xparse/redefine-environment"
. 
. Redefining environment 'CJKfilltwosides' with sig. 'O{c}m' on line 1053.
.................................................
\c__xeCJK_filll_skip=\skip59
)
\ccwd=\dimen174
\l__ctex_ccglue_skip=\skip60
)
.................................................
. LaTeX info: "xparse/define-command"
. 
. Defining command \ctexset with sig. '' on line 377.
.................................................
.................................................
. LaTeX info: "xparse/define-command"
. 
. Defining command \CTEXsetup with sig. '+o>{\TrimSpaces }m' on line 383.
.................................................
.................................................
. LaTeX info: "xparse/define-command"
. 
. Defining command \CTEXoptions with sig. '+o' on line 389.
.................................................
.................................................
. LaTeX info: "xparse/define-command"
. 
. Defining command \CTEXsetfont with sig. '' on line 407.
.................................................
.................................................
. LaTeX info: "xparse/define-command"
. 
. Defining command \ziju with sig. 'm' on line 479.
.................................................
\l__ctex_ziju_dim=\dimen175
.................................................
. LaTeX info: "xparse/define-command"
. 
. Defining command \CTEXindent with sig. '' on line 520.
.................................................
.................................................
. LaTeX info: "xparse/define-command"
. 
. Defining command \CTEXnoindent with sig. '' on line 526.
.................................................

(c:/texlive/2018/texmf-dist/tex/latex/zhnumber/zhnumber.sty
Package: zhnumber 2018/01/28 v2.6 Typesetting numbers with Chinese glyphs
.................................................
. LaTeX info: "xparse/define-command"
. 
. Defining command \zhnumber with sig. '+o+m' on line 50.
.................................................
.................................................
. LaTeX info: "xparse/define-command"
. 
. Defining command \zhnumberwithoptions with sig. '+m+m' on line 57.
.................................................
.................................................
. LaTeX info: "xparse/define-command"
. 
. Defining command \zhnum with sig. '+o+m' on line 111.
.................................................
.................................................
. LaTeX info: "xparse/define-command"
. 
. Defining command \zhnumwithoptions with sig. '+m+m' on line 118.
.................................................
.................................................
. LaTeX info: "xparse/define-command"
. 
. Defining command \zhdig with sig. '+o+m' on line 295.
.................................................
.................................................
. LaTeX info: "xparse/define-command"
. 
. Defining command \zhdigwithoptions with sig. '+m+m' on line 302.
.................................................
.................................................
. LaTeX info: "xparse/define-command"
. 
. Defining command \zhdigits with sig. '+s+o+m' on line 316.
.................................................
.................................................
. LaTeX info: "xparse/define-command"
. 
. Defining command \zhdigitswithoptions with sig. '+m+m+m' on line 323.
.................................................
.................................................
. LaTeX info: "xparse/define-command"
. 
. Defining command \zhdate with sig. '+s+m' on line 382.
.................................................
\l__zhnum_scale_int=\count198
.................................................
. LaTeX info: "xparse/define-command"
. 
. Defining command \zhnumExtendScaleMap with sig. '>{\TrimSpaces }+o+m' on
. line 504.
.................................................
.................................................
. LaTeX info: "xparse/define-command"
. 
. Defining command \zhnumsetup with sig. '+m' on line 934.
.................................................

(c:/texlive/2018/texmf-dist/tex/latex/zhnumber/zhnumber-utf8.cfg
File: zhnumber-utf8.cfg 2018/01/28 v2.6 Chinese numerals with UTF8 encoding
))
.................................................
. LaTeX info: "xparse/define-command"
. 
. Defining command \CTEXnumber with sig. 'mm' on line 543.
.................................................
.................................................
. LaTeX info: "xparse/define-command"
. 
. Defining command \CTEXdigits with sig. 'mm' on line 545.
.................................................

(c:/texlive/2018/texmf-dist/tex/latex/ctex/scheme/ctex-scheme-chinese.def
File: ctex-scheme-chinese.def 2018/05/02 v2.4.14 Chinese scheme for generic (CT
EX)

(c:/texlive/2018/texmf-dist/tex/latex/ctex/config/ctex-name-utf8.cfg
File: ctex-name-utf8.cfg 2018/05/02 v2.4.14 Caption with encoding UTF8 (CTEX)
))
(c:/texlive/2018/texmf-dist/tex/latex/tools/indentfirst.sty
Package: indentfirst 1995/11/23 v1.03 Indent first paragraph (DPC)
)
.................................................
. LaTeX info: "xparse/define-command"
. 
. Defining command \zihao with sig. 'm' on line 642.
.................................................
.................................................
. LaTeX info: "xparse/define-command"
. 
. Defining command \CTeX with sig. '' on line 746.
.................................................

(c:/texlive/2018/texmf-dist/tex/latex/ctex/fontset/ctex-fontset-windows.def
File: ctex-fontset-windows.def 2018/05/02 v2.4.14 Windows fonts definition (CTE
X)

(c:/texlive/2018/texmf-dist/tex/latex/ctex/fontset/ctex-fontset-windowsnew.def
File: ctex-fontset-windowsnew.def 2018/05/02 v2.4.14 Windows fonts definition f
or Vista or later version (CTEX)
.................................................
. fontspec info: "no-font-shape"
. 
. Could not resolve font "KaiTi/B" (it probably doesn't exist).
.................................................
.................................................
. fontspec info: "no-font-shape"
. 
. Could not resolve font "SimHei/I" (it probably doesn't exist).
.................................................
.................................................
. fontspec info: "no-font-shape"
. 
. Could not resolve font "SimSun/BI" (it probably doesn't exist).
.................................................
.................................................
. fontspec info: "defining-font"
. 
. Font family 'SimSun(0)' created for font 'SimSun' with options
. [Script={CJK},BoldFont={SimHei},ItalicFont={KaiTi}].
.  
.  This font family consists of the following NFSS series/shapes:
.  
. - 'normal' (m/n) with NFSS spec.: <->"SimSun/OT:script=hani;language=DFLT;"
. - 'small caps'  (m/sc) with NFSS spec.: 
. - 'bold' (bx/n) with NFSS spec.: <->"SimHei/OT:script=hani;language=DFLT;"
. - 'bold small caps'  (bx/sc) with NFSS spec.: 
. - 'italic' (m/it) with NFSS spec.: <->"KaiTi/OT:script=hani;language=DFLT;"
. - 'italic small caps'  (m/itsc) with NFSS spec.: 
.................................................
.................................................
. LaTeX info: "xparse/define-command"
. 
. Defining command \songti with sig. '' on line 111.
.................................................
.................................................
. LaTeX info: "xparse/define-command"
. 
. Defining command \heiti with sig. '' on line 112.
.................................................
.................................................
. LaTeX info: "xparse/define-command"
. 
. Defining command \fangsong with sig. '' on line 113.
.................................................
.................................................
. LaTeX info: "xparse/define-command"
. 
. Defining command \kaishu with sig. '' on line 114.
.................................................
.................................................
. LaTeX info: "xparse/define-command"
. 
. Defining command \lishu with sig. '' on line 115.
.................................................
.................................................
. LaTeX info: "xparse/define-command"
. 
. Defining command \youyuan with sig. '' on line 116.
.................................................
.................................................
. LaTeX info: "xparse/define-command"
. 
. Defining command \yahei with sig. '' on line 117.
.................................................
))) (c:/texlive/2018/texmf-dist/tex/latex/ctex/config/ctex.cfg
File: ctex.cfg 2018/05/02 v2.4.14 Configuration file (CTEX)
)
(c:/texlive/2018/texmf-dist/tex/latex/epigraph/epigraph.sty
Package: epigraph 2009/09/02 v1.5c typesetting epigraphs
\beforeepigraphskip=\skip61
\afterepigraphskip=\skip62
\epigraphwidth=\skip63
\epigraphrule=\skip64
)
(c:/texlive/2018/texmf-dist/tex/latex/geometry/geometry.sty
Package: geometry 2018/04/16 v5.8 Page Geometry

(c:/texlive/2018/texmf-dist/tex/latex/graphics/keyval.sty
Package: keyval 2014/10/28 v1.15 key=value parser (DPC)
\KV@toks@=\toks16
)
(c:/texlive/2018/texmf-dist/tex/generic/oberdiek/ifpdf.sty
Package: ifpdf 2018/09/07 v3.3 Provides the ifpdf switch
)
(c:/texlive/2018/texmf-dist/tex/generic/oberdiek/ifvtex.sty
Package: ifvtex 2016/05/16 v1.6 Detect VTeX and its facilities (HO)
Package ifvtex Info: VTeX not detected.
)
(c:/texlive/2018/texmf-dist/tex/generic/ifxetex/ifxetex.sty
Package: ifxetex 2010/09/12 v0.6 Provides ifxetex conditional
)
\Gm@cnth=\count199
\Gm@cntv=\count266
\c@Gm@tempcnt=\count267
\Gm@bindingoffset=\dimen176
\Gm@wd@mp=\dimen177
\Gm@odd@mp=\dimen178
\Gm@even@mp=\dimen179
\Gm@layoutwidth=\dimen180
\Gm@layoutheight=\dimen181
\Gm@layouthoffset=\dimen182
\Gm@layoutvoffset=\dimen183
\Gm@dimlist=\toks17
)
(c:/texlive/2018/texmf-dist/tex/latex/xcolor/xcolor.sty
Package: xcolor 2016/05/11 v2.12 LaTeX color extensions (UK)

(c:/texlive/2018/texmf-dist/tex/latex/graphics-cfg/color.cfg
File: color.cfg 2016/01/02 v1.6 sample color configuration
)
Package xcolor Info: Package option `usenames' ignored on input line 216.
Package xcolor Info: Driver file: xetex.def on input line 225.

(c:/texlive/2018/texmf-dist/tex/latex/graphics-def/xetex.def
File: xetex.def 2017/06/24 v5.0h Graphics/color driver for xetex
)
Package xcolor Info: Model `cmy' substituted by `cmy0' on input line 1348.
Package xcolor Info: Model `RGB' extended on input line 1364.
Package xcolor Info: Model `HTML' substituted by `rgb' on input line 1366.
Package xcolor Info: Model `Hsb' substituted by `hsb' on input line 1367.
Package xcolor Info: Model `tHsb' substituted by `hsb' on input line 1368.
Package xcolor Info: Model `HSB' substituted by `hsb' on input line 1369.
Package xcolor Info: Model `Gray' substituted by `gray' on input line 1370.
Package xcolor Info: Model `wave' substituted by `hsb' on input line 1371.

(c:/texlive/2018/texmf-dist/tex/latex/graphics/dvipsnam.def
File: dvipsnam.def 2016/06/17 v3.0m Driver-dependent file (DPC,SPQR)
))
(c:/texlive/2018/texmf-dist/tex/xelatex/xunicode/xunicode.sty
File: xunicode.sty 2011/09/09 v0.981 provides access to latin accents and many 
other characters in Unicode lower plane

(c:/texlive/2018/texmf-dist/tex/latex/tipa/t3enc.def
File: t3enc.def 2001/12/31 T3 encoding
.................................................
. fontspec info: "no-font-shape"
. 
. Could not resolve font "Microsoft YaHei Bold/I" (it probably doesn't exist).
.................................................
.................................................
. fontspec info: "no-font-shape"
. 
. Could not resolve font "Microsoft YaHei/I" (it probably doesn't exist).
.................................................
.................................................
. fontspec info: "defining-font"
. 
. Font family 'MicrosoftYaHei(0)' created for font 'Microsoft YaHei' with
. options [Script={CJK},BoldFont={* Bold}].
.  
.  This font family consists of the following NFSS series/shapes:
.  
. - 'normal' (m/n) with NFSS spec.: <->"Microsoft
. YaHei/OT:script=hani;language=DFLT;"
. - 'small caps'  (m/sc) with NFSS spec.: 
. - 'bold' (bx/n) with NFSS spec.: <->"Microsoft YaHei
. Bold/OT:script=hani;language=DFLT;"
. - 'bold small caps'  (bx/sc) with NFSS spec.: 
. - 'bold italic' (bx/it) with NFSS spec.: <->"Microsoft
. YaHei/BI/OT:script=hani;language=DFLT;"
. - 'bold italic small caps'  (bx/itsc) with NFSS spec.: 
.................................................
)
\tipaTiiicode=\count268
\tipasavetokens=\toks18
\tipachecktokens=\toks19

(c:/texlive/2018/texmf-dist/tex/latex/graphics/graphicx.sty
Package: graphicx 2017/06/01 v1.1a Enhanced LaTeX Graphics (DPC,SPQR)

(c:/texlive/2018/texmf-dist/tex/latex/graphics/graphics.sty
Package: graphics 2017/06/25 v1.2c Standard LaTeX Graphics (DPC,SPQR)

(c:/texlive/2018/texmf-dist/tex/latex/graphics/trig.sty
Package: trig 2016/01/03 v1.10 sin cos tan (DPC)
)
(c:/texlive/2018/texmf-dist/tex/latex/graphics-cfg/graphics.cfg
File: graphics.cfg 2016/06/04 v1.11 sample graphics configuration
)
Package graphics Info: Driver file: xetex.def on input line 99.
)
\Gin@req@height=\dimen184
\Gin@req@width=\dimen185
))
(c:/texlive/2018/texmf-dist/tex/latex/xltxtra/xltxtra.sty
Package: xltxtra 2016/01/21 v0.6 Improvements for the "XeLaTeX" format

(c:/texlive/2018/texmf-dist/tex/generic/oberdiek/ifluatex.sty
Package: ifluatex 2016/05/16 v1.4 Provides the ifluatex switch (HO)
Package ifluatex Info: LuaTeX not detected.
)
(c:/texlive/2018/texmf-dist/tex/latex/realscripts/realscripts.sty
Package: realscripts 2016/02/13 v0.3d Access OpenType subscripts and superscrip
ts
.................................................
. LaTeX info: "xparse/define-command"
. 
. Defining command \fakesubscript with sig. 'm' on line 19.
.................................................
.................................................
. LaTeX info: "xparse/define-command"
. 
. Defining command \fakesuperscript with sig. 'm' on line 22.
.................................................
.................................................
. LaTeX info: "xparse/redefine-command"
. 
. Redefining command \textsubscript with sig. 's' on line 25.
.................................................
.................................................
. LaTeX info: "xparse/redefine-command"
. 
. Redefining command \textsuperscript with sig. 's' on line 28.
.................................................
.................................................
. LaTeX info: "xparse/define-command"
. 
. Defining command \realsubscript with sig. 'm' on line 45.
.................................................
.................................................
. LaTeX info: "xparse/define-command"
. 
. Defining command \realsuperscript with sig. 'm' on line 60.
.................................................
.................................................
. LaTeX info: "xparse/define-command"
. 
. Defining command \textsubsuperscript with sig. 'sO{l}mm' on line 138.
.................................................
.................................................
. LaTeX info: "xparse/define-command"
. 
. Defining command \textsupersubscript with sig. 'sO{l}mm' on line 143.
.................................................
\subsupersep=\dimen186
)
(c:/texlive/2018/texmf-dist/tex/latex/metalogo/metalogo.sty
Package: metalogo 2010/05/29 v0.12 Extended TeX logo macros
\xl@everylogo=\toks20
\xl@@everylogo=\toks21
LaTeX Info: Redefining \TeX on input line 193.
LaTeX Info: Redefining \LaTeX on input line 202.
LaTeX Info: Redefining \LaTeXe on input line 219.
)
\l__xetex_show_hyphens_wrapping_box=\box51
\l__xetex_show_hyphens_temp_box=\box52
\l__xetex_show_hyphens_final_box=\box53
\g__xetex_show_hyphens_word_box=\box54
)
.................................................
. fontspec info: "defining-font"
. 
. Font family 'LinLibertine_R.otf(0)' created for font 'LinLibertine_R.otf'
. with options
. [Mapping=tex-text,Ligatures=TeX,Ligatures={Common},Numbers={OldStyle},Variant
=01,BoldFont=LinLibertine_RB.otf,ItalicFont=LinLibertine_RI.otf,BoldItalicFont=
LinLibertine_RBI.otf].
.  
.  This font family consists of the following NFSS series/shapes:
.  
. - 'normal' (m/n) with NFSS spec.:
. <->"[LinLibertine_R.otf]/OT:script=latn;language=DFLT;+liga;+onum;+ss01;mappi
ng=tex-text;"
. - 'small caps'  (m/sc) with NFSS spec.:
. <->"[LinLibertine_R.otf]/OT:script=latn;language=DFLT;+liga;+onum;+ss01;+smcp
;mapping=tex-text;"
. - 'bold' (bx/n) with NFSS spec.:
. <->"[LinLibertine_RB.otf]/OT:script=latn;language=DFLT;+liga;+onum;+ss01;mapp
ing=tex-text;"
. - 'bold small caps'  (bx/sc) with NFSS spec.:
. <->"[LinLibertine_RB.otf]/OT:script=latn;language=DFLT;+liga;+onum;+ss01;+smc
p;mapping=tex-text;"
. - 'italic' (m/it) with NFSS spec.:
. <->"[LinLibertine_RI.otf]/OT:script=latn;language=DFLT;+liga;+onum;+ss01;mapp
ing=tex-text;"
. - 'italic small caps'  (m/itsc) with NFSS spec.:
. <->"[LinLibertine_RI.otf]/OT:script=latn;language=DFLT;+liga;+onum;+ss01;+smc
p;mapping=tex-text;"
. - 'bold italic' (bx/it) with NFSS spec.:
. <->"[LinLibertine_RBI.otf]/OT:script=latn;language=DFLT;+liga;+onum;+ss01;map
ping=tex-text;"
. - 'bold italic small caps'  (bx/itsc) with NFSS spec.:
. <->"[LinLibertine_RBI.otf]/OT:script=latn;language=DFLT;+liga;+onum;+ss01;+sm
cp;mapping=tex-text;"
.................................................
LaTeX Info: Redefining \rmfamily on input line 39.
.................................................
. fontspec info: "defining-font"
. 
. Font family 'DejaVuSansMono.ttf(0)' created for font 'DejaVuSansMono.ttf'
. with options
. [Mapping=tex-text,WordSpace={1,0,0},HyphenChar=None,PunctuationSpace=WordSpac
e,Scale=0.8].
.  
.  This font family consists of the following NFSS series/shapes:
.  
. - 'normal' (m/n) with NFSS spec.:
. <->s*[0.8]"[DejaVuSansMono.ttf]/OT:script=latn;language=DFLT;mapping=tex-text
;"
. - 'small caps'  (m/sc) with NFSS spec.: 
. and font adjustment code:
. \fontdimen 2\font =1\fontdimen 2\font \fontdimen 3\font =0\fontdimen 3\font
. \fontdimen 4\font =0\fontdimen 4\font \fontdimen 7\font =0\fontdimen 2\font
. \tex_hyphenchar:D \font =-1\scan_stop: 
.................................................
LaTeX Info: Redefining \ttfamily on input line 40.

(c:/texlive/2018/texmf-dist/tex/latex/marginnote/marginnote.sty
Package: marginnote 2018/08/09 v1.4b non floating margin notes for LaTeX
\c@mn@abspage=\count269
)
(c:/texlive/2018/texmf-dist/tex/latex/sectsty/sectsty.sty
Package: sectsty 2002/02/25 v2.0.2 Commands to change all sectional heading sty
les
)
(c:/texlive/2018/texmf-dist/tex/latex/hyperref/hyperref.sty
Package: hyperref 2018/09/30 v6.88a Hypertext links for LaTeX

(c:/texlive/2018/texmf-dist/tex/generic/oberdiek/hobsub-hyperref.sty
Package: hobsub-hyperref 2016/05/16 v1.14 Bundle oberdiek, subset hyperref (HO)


(c:/texlive/2018/texmf-dist/tex/generic/oberdiek/hobsub-generic.sty
Package: hobsub-generic 2016/05/16 v1.14 Bundle oberdiek, subset generic (HO)
Package: hobsub 2016/05/16 v1.14 Construct package bundles (HO)
Package: infwarerr 2016/05/16 v1.4 Providing info/warning/error messages (HO)
Package: ltxcmds 2016/05/16 v1.23 LaTeX kernel commands for general use (HO)
Package hobsub Info: Skipping package `ifluatex' (already loaded).
Package hobsub Info: Skipping package `ifvtex' (already loaded).
Package: intcalc 2016/05/16 v1.2 Expandable calculations with integers (HO)
Package hobsub Info: Skipping package `ifpdf' (already loaded).
Package: etexcmds 2016/05/16 v1.6 Avoid name clashes with e-TeX commands (HO)
Package etexcmds Info: Could not find \expanded.
(etexcmds)             That can mean that you are not using pdfTeX 1.50 or
(etexcmds)             that some package has redefined \expanded.
(etexcmds)             In the latter case, load this package earlier.
Package: kvsetkeys 2016/05/16 v1.17 Key value parser (HO)
Package: kvdefinekeys 2016/05/16 v1.4 Define keys (HO)
Package: pdftexcmds 2018/09/10 v0.29 Utility functions of pdfTeX for LuaTeX (HO
)
Package pdftexcmds Info: LuaTeX not detected.
Package pdftexcmds Info: pdfTeX >= 1.30 not detected.
Package pdftexcmds Info: \pdf@primitive is available.
Package pdftexcmds Info: \pdf@ifprimitive is available.
Package pdftexcmds Info: \pdfdraftmode not found.
Package: pdfescape 2016/05/16 v1.14 Implements pdfTeX's escape features (HO)
Package: bigintcalc 2016/05/16 v1.4 Expandable calculations on big integers (HO
)
Package: bitset 2016/05/16 v1.2 Handle bit-vector datatype (HO)
Package: uniquecounter 2016/05/16 v1.3 Provide unlimited unique counter (HO)
)
Package hobsub Info: Skipping package `hobsub' (already loaded).
Package: letltxmacro 2016/05/16 v1.5 Let assignment for LaTeX macros (HO)
Package: hopatch 2016/05/16 v1.3 Wrapper for package hooks (HO)
Package: xcolor-patch 2016/05/16 xcolor patch
Package: atveryend 2016/05/16 v1.9 Hooks at the very end of document (HO)
Package atveryend Info: \enddocument detected (standard20110627).
Package: atbegshi 2016/06/09 v1.18 At begin shipout hook (HO)
Package: refcount 2016/05/16 v3.5 Data extraction from label references (HO)
Package: hycolor 2016/05/16 v1.8 Color options for hyperref/bookmark (HO)
)
(c:/texlive/2018/texmf-dist/tex/latex/oberdiek/auxhook.sty
Package: auxhook 2016/05/16 v1.4 Hooks for auxiliary files (HO)
)
(c:/texlive/2018/texmf-dist/tex/latex/oberdiek/kvoptions.sty
Package: kvoptions 2016/05/16 v3.12 Key value format for package options (HO)
)
\@linkdim=\dimen187
\Hy@linkcounter=\count270
\Hy@pagecounter=\count271

(c:/texlive/2018/texmf-dist/tex/latex/hyperref/pd1enc.def
File: pd1enc.def 2018/09/30 v6.88a Hyperref: PDFDocEncoding definition (HO)
)
\Hy@SavedSpaceFactor=\count272

(c:/texlive/2018/texmf-dist/tex/latex/latexconfig/hyperref.cfg
File: hyperref.cfg 2002/06/06 v1.2 hyperref configuration of TeXLive
)
Package hyperref Info: Option `unicode' set `true' on input line 4409.

(c:/texlive/2018/texmf-dist/tex/latex/hyperref/puenc.def
File: puenc.def 2018/09/30 v6.88a Hyperref: PDF Unicode definition (HO)
)
Package hyperref Info: Option `bookmarks' set `true' on input line 4409.
Package hyperref Info: Option `colorlinks' set `true' on input line 4409.
Package hyperref Info: Option `breaklinks' set `true' on input line 4409.


Package hyperref Warning: pdfproducer: xdvipdfmx will use its own setting
(hyperref)                instead of the value given on input line 4409.

Package hyperref Info: Hyper figures OFF on input line 4535.
Package hyperref Info: Link nesting OFF on input line 4540.
Package hyperref Info: Hyper index ON on input line 4543.
Package hyperref Info: Plain pages OFF on input line 4550.
Package hyperref Info: Backreferencing OFF on input line 4555.
Package hyperref Info: Implicit mode ON; LaTeX internals redefined.
Package hyperref Info: Bookmarks ON on input line 4788.
\c@Hy@tempcnt=\count273
(c:/texlive/2018/texmf-dist/tex/latex/url/url.sty
\Urlmuskip=\muskip17
Package: url 2013/09/16  ver 3.4  Verb mode for urls, etc.
)
LaTeX Info: Redefining \url on input line 5141.
\XeTeXLinkMargin=\dimen188
\Fld@menulength=\count274
\Field@Width=\dimen189
\Fld@charsize=\dimen190
Package hyperref Info: Hyper figures OFF on input line 6396.
Package hyperref Info: Link nesting OFF on input line 6401.
Package hyperref Info: Hyper index ON on input line 6404.
Package hyperref Info: backreferencing OFF on input line 6411.
Package hyperref Info: Link coloring ON on input line 6414.
Package hyperref Info: Link coloring with OCG OFF on input line 6421.
Package hyperref Info: PDF/A mode OFF on input line 6426.
LaTeX Info: Redefining \ref on input line 6466.
LaTeX Info: Redefining \pageref on input line 6470.
\Hy@abspage=\count275
\c@Item=\count276
\c@Hfootnote=\count277
)
Package hyperref Info: Driver (autodetected): hxetex.

(c:/texlive/2018/texmf-dist/tex/latex/hyperref/hxetex.def
File: hxetex.def 2018/09/30 v6.88a Hyperref driver for XeTeX

(c:/texlive/2018/texmf-dist/tex/generic/oberdiek/stringenc.sty
Package: stringenc 2016/05/16 v1.11 Convert strings between diff. encodings (HO
)
)
\pdfm@box=\box55
\c@Hy@AnnotLevel=\count278
\HyField@AnnotCount=\count279
\Fld@listcount=\count280
\c@bookmark@seq@number=\count281

(c:/texlive/2018/texmf-dist/tex/latex/oberdiek/rerunfilecheck.sty
Package: rerunfilecheck 2016/05/16 v1.8 Rerun checks for auxiliary files (HO)
Package uniquecounter Info: New unique counter `rerunfilecheck' on input line 2
82.
)
\Hy@SectionHShift=\skip65
)
(c:/texlive/2018/texmf-dist/tex/xelatex/xecjk/xunicode-addon.sty
Package: xunicode-addon 2018/04/30 v3.7.1 addon file for xunicode
.................................................
. LaTeX info: "xparse/redefine-command"
. 
. Redefining command \ReloadXunicode with sig. 'm' on line 82.
.................................................
.................................................
. LaTeX info: "xparse/redefine-command"
. 
. Redefining command \DeclareUTFmathsymbols with sig. 'm' on line 127.
.................................................
.................................................
. LaTeX info: "xparse/redefine-command"
. 
. Redefining command \UseMathAsText with sig. '' on line 136.
.................................................
.................................................
. LaTeX info: "xparse/redefine-command"
. 
. Redefining command \UndeclareUTFcharacter with sig. 'O{\UTFencname }mm' on
. line 171.
.................................................
.................................................
. LaTeX info: "xparse/redefine-command"
. 
. Redefining command \UndeclareUTFcomposite with sig. 'O{\UTFencname }mmm' on
. line 178.
.................................................
.................................................
. LaTeX info: "xparse/redefine-command"
. 
. Redefining command \DeclareUTFcharacter with sig. 'O{\UTFencname }mm' on
. line 209.
.................................................
.................................................
. LaTeX info: "xparse/define-command"
. 
. Defining command \DeclareUTFSymbol with sig. 'mO{\UTFencname }m' on line
. 239.
.................................................
.................................................
. LaTeX info: "xparse/define-command"
. 
. Defining command \DeclareUTFCommand with sig. 'mO{\UTFencname }m' on line
. 241.
.................................................
.................................................
. LaTeX info: "xparse/redefine-command"
. 
. Redefining command \DeclareUTFcomposite with sig. 'O{\UTFencname }mmm' on
. line 286.
.................................................
.................................................
. LaTeX info: "xparse/define-command"
. 
. Defining command \DeclareUTFCompositeCommand with sig. 'mO{\UTFencname }mm'
. on line 299.
.................................................
.................................................
. LaTeX info: "xparse/define-command"
. 
. Defining command \DeclareUTFCompositeSymbol with sig. 'mO{\UTFencname }mm'
. on line 304.
.................................................
.................................................
. LaTeX info: "xparse/define-command"
. 
. Defining command \DeclareUTFComposite with sig. 'mO{\UTFencname }' on line
. 306.
.................................................
.................................................
. LaTeX info: "xparse/define-command"
. 
. Defining command \DeclareUTFEncodedAccent with sig. 'mO{\UTFencname }mm' on
. line 308.
.................................................
.................................................
. LaTeX info: "xparse/define-command"
. 
. Defining command \DeclareUTFEncodedAccents with sig. 'mO{\UTFencname }mm' on
. line 310.
.................................................
.................................................
. LaTeX info: "xparse/define-command"
. 
. Defining command \DeclareUTFEncodedSymbol with sig. 'mO{\UTFencname }mm' on
. line 312.
.................................................
.................................................
. LaTeX info: "xparse/define-command"
. 
. Defining command \DeclareUTFEncodedCircle with sig. 'mO{\UTFencname }mm' on
. line 314.
.................................................
.................................................
. LaTeX info: "xparse/redefine-command"
. 
. Redefining command \DeclareEncodedCompositeCharacter with sig. 'mmmm' on
. line 316.
.................................................
.................................................
. LaTeX info: "xparse/redefine-command"
. 
. Redefining command \DeclareEncodedCompositeAccents with sig. 'mmmm' on line
. 318.
.................................................
.................................................
. LaTeX info: "xparse/define-command"
. 
. Defining command \DeclareUTFDoubleEncodedAccent with sig. 'mO{\UTFencname
. }mm' on line 320.
.................................................
.................................................
. LaTeX info: "xparse/define-command"
. 
. Defining command \DeclareUTFDoubleEncodedSymbol with sig. 'mO{\UTFencname
. }mm' on line 322.
.................................................
\l__xunadd_tmp_coffin=\box56
\l__xunadd_circle_coffin=\box57
.................................................
. LaTeX info: "xparse/define-command"
. 
. Defining command \settextcircledratio with sig. 'm' on line 466.
.................................................
.................................................
. LaTeX info: "xparse/define-command"
. 
. Defining command \AtBeginUTFCommand with sig. 'sO{}+m' on line 536.
.................................................
.................................................
. LaTeX info: "xparse/define-command"
. 
. Defining command \AtEndUTFCommand with sig. 'sO{}+m' on line 547.
.................................................
.................................................
. LaTeX info: "xparse/define-command"
. 
. Defining command \DeclareUTFTIPACommand with sig. 'O{\UTFencname }m' on line
. 591.
.................................................
)
(c:/texlive/2018/texmf-dist/tex/xelatex/xunicode/xunicode.sty
File: xunicode.sty 2011/09/09 v0.981 provides access to latin accents and many 
other characters in Unicode lower plane

*** Reloading Xunicode for encoding 'TU' ***
) (c:/texlive/2018/texmf-dist/tex/xelatex/xecjk/xunicode-extra.def
File: xunicode-extra.def 2018/04/30 v3.7.1 extra definition for xunicode
)
(./Miao Cai -CV - Chinese.aux)
\openout1 = `"Miao Cai -CV - Chinese.aux"'.

LaTeX Font Info:    Checking defaults for OML/cmm/m/it on input line 73.
LaTeX Font Info:    ... okay on input line 73.
LaTeX Font Info:    Checking defaults for T1/cmr/m/n on input line 73.
LaTeX Font Info:    ... okay on input line 73.
LaTeX Font Info:    Checking defaults for OT1/cmr/m/n on input line 73.
LaTeX Font Info:    ... okay on input line 73.
LaTeX Font Info:    Checking defaults for OMS/cmsy/m/n on input line 73.
LaTeX Font Info:    ... okay on input line 73.
LaTeX Font Info:    Checking defaults for TU/lmr/m/n on input line 73.
LaTeX Font Info:    ... okay on input line 73.
LaTeX Font Info:    Checking defaults for OMX/cmex/m/n on input line 73.
LaTeX Font Info:    ... okay on input line 73.
LaTeX Font Info:    Checking defaults for U/cmr/m/n on input line 73.
LaTeX Font Info:    ... okay on input line 73.
LaTeX Font Info:    Checking defaults for TS1/cmr/m/n on input line 73.
LaTeX Font Info:    ... okay on input line 73.
LaTeX Font Info:    Checking defaults for T3/cmr/m/n on input line 73.
LaTeX Font Info:    Try loading font information for T3+cmr on input line 73.

(c:/texlive/2018/texmf-dist/tex/latex/tipa/t3cmr.fd
File: t3cmr.fd 2001/12/31 TIPA font definitions
)
LaTeX Font Info:    ... okay on input line 73.
LaTeX Font Info:    Checking defaults for PD1/pdf/m/n on input line 73.
LaTeX Font Info:    ... okay on input line 73.
LaTeX Font Info:    Checking defaults for PU/pdf/m/n on input line 73.
LaTeX Font Info:    ... okay on input line 73.
.................................................
. fontspec info: "setup-math"
. 
. Adjusting the maths setup (use [no-math] to avoid this).
.................................................
\symlegacymaths=\mathgroup4
LaTeX Font Info:    Overwriting symbol font `legacymaths' in version `bold'
(Font)                  OT1/cmr/m/n --> OT1/cmr/bx/n on input line 73.
LaTeX Font Info:    Redeclaring math accent \acute on input line 73.
LaTeX Font Info:    Redeclaring math accent \grave on input line 73.
LaTeX Font Info:    Redeclaring math accent \ddot on input line 73.
LaTeX Font Info:    Redeclaring math accent \tilde on input line 73.
LaTeX Font Info:    Redeclaring math accent \bar on input line 73.
LaTeX Font Info:    Redeclaring math accent \breve on input line 73.
LaTeX Font Info:    Redeclaring math accent \check on input line 73.
LaTeX Font Info:    Redeclaring math accent \hat on input line 73.
LaTeX Font Info:    Redeclaring math accent \dot on input line 73.
LaTeX Font Info:    Redeclaring math accent \mathring on input line 73.
LaTeX Font Info:    Redeclaring math symbol \colon on input line 73.
LaTeX Font Info:    Redeclaring math symbol \Gamma on input line 73.
LaTeX Font Info:    Redeclaring math symbol \Delta on input line 73.
LaTeX Font Info:    Redeclaring math symbol \Theta on input line 73.
LaTeX Font Info:    Redeclaring math symbol \Lambda on input line 73.
LaTeX Font Info:    Redeclaring math symbol \Xi on input line 73.
LaTeX Font Info:    Redeclaring math symbol \Pi on input line 73.
LaTeX Font Info:    Redeclaring math symbol \Sigma on input line 73.
LaTeX Font Info:    Redeclaring math symbol \Upsilon on input line 73.
LaTeX Font Info:    Redeclaring math symbol \Phi on input line 73.
LaTeX Font Info:    Redeclaring math symbol \Psi on input line 73.
LaTeX Font Info:    Redeclaring math symbol \Omega on input line 73.
LaTeX Font Info:    Redeclaring math symbol \mathdollar on input line 73.
LaTeX Font Info:    Redeclaring symbol font `operators' on input line 73.
LaTeX Font Info:    Encoding `OT1' has changed to `TU' for symbol font
(Font)              `operators' in the math version `normal' on input line 73.
LaTeX Font Info:    Overwriting symbol font `operators' in version `normal'
(Font)                  OT1/cmr/m/n --> TU/LinLibertine_R.otf(0)/m/n on input l
ine 73.
LaTeX Font Info:    Encoding `OT1' has changed to `TU' for symbol font
(Font)              `operators' in the math version `bold' on input line 73.
LaTeX Font Info:    Overwriting symbol font `operators' in version `bold'
(Font)                  OT1/cmr/bx/n --> TU/LinLibertine_R.otf(0)/m/n on input 
line 73.
LaTeX Font Info:    Overwriting symbol font `operators' in version `normal'
(Font)                  TU/LinLibertine_R.otf(0)/m/n --> TU/LinLibertine_R.otf(
0)/m/n on input line 73.
LaTeX Font Info:    Overwriting math alphabet `\mathit' in version `normal'
(Font)                  OT1/cmr/m/it --> TU/LinLibertine_R.otf(0)/m/it on input
 line 73.
LaTeX Font Info:    Overwriting math alphabet `\mathbf' in version `normal'
(Font)                  OT1/cmr/bx/n --> TU/LinLibertine_R.otf(0)/bx/n on input
 line 73.
LaTeX Font Info:    Overwriting math alphabet `\mathsf' in version `normal'
(Font)                  OT1/cmss/m/n --> TU/lmss/m/n on input line 73.
LaTeX Font Info:    Overwriting math alphabet `\mathtt' in version `normal'
(Font)                  OT1/cmtt/m/n --> TU/DejaVuSansMono.ttf(0)/m/n on input 
line 73.
LaTeX Font Info:    Overwriting symbol font `operators' in version `bold'
(Font)                  TU/LinLibertine_R.otf(0)/m/n --> TU/LinLibertine_R.otf(
0)/bx/n on input line 73.
LaTeX Font Info:    Overwriting math alphabet `\mathit' in version `bold'
(Font)                  OT1/cmr/bx/it --> TU/LinLibertine_R.otf(0)/bx/it on inp
ut line 73.
LaTeX Font Info:    Overwriting math alphabet `\mathsf' in version `bold'
(Font)                  OT1/cmss/bx/n --> TU/lmss/bx/n on input line 73.
LaTeX Font Info:    Overwriting math alphabet `\mathtt' in version `bold'
(Font)                  OT1/cmtt/m/n --> TU/DejaVuSansMono.ttf(0)/bx/n on input
 line 73.

ABD: EverySelectfont initializing macros
LaTeX Info: Redefining \selectfont on input line 73.

*geometry* driver: auto-detecting
*geometry* detected driver: xetex
*geometry* verbose mode - [ preamble ] result:
* driver: xetex
* paper: a4paper
* layout: <same size as paper>
* layoutoffset:(h,v)=(0.0pt,0.0pt)
* modes: 
* h-part:(L,W,R)=(100.01144pt, 397.48499pt, 100.01144pt)
* v-part:(T,H,B)=(92.30072pt, 614.295pt, 138.45113pt)
* \paperwidth=597.50787pt
* \paperheight=845.04684pt
* \textwidth=397.48499pt
* \textheight=614.295pt
* \oddsidemargin=27.74146pt
* \evensidemargin=27.74146pt
* \topmargin=-16.96927pt
* \headheight=12.0pt
* \headsep=25.0pt
* \topskip=11.0pt
* \footskip=30.0pt
* \marginparwidth=43.36243pt
* \marginparsep=7.0pt
* \columnsep=10.0pt
* \skip\footins=10.0pt plus 4.0pt minus 2.0pt
* \hoffset=0.0pt
* \voffset=0.0pt
* \mag=1000
* \@twocolumnfalse
* \@twosidefalse
* \@mparswitchfalse
* \@reversemargintrue
* (1in=72.27pt=25.4mm, 1cm=28.453pt)

\AtBeginShipoutBox=\box58
Package hyperref Info: Link coloring ON on input line 73.
(c:/texlive/2018/texmf-dist/tex/latex/hyperref/nameref.sty
Package: nameref 2016/05/21 v2.44 Cross-referencing by name of section

(c:/texlive/2018/texmf-dist/tex/generic/oberdiek/gettitlestring.sty
Package: gettitlestring 2016/05/16 v1.5 Cleanup title references (HO)
)
\c@section@level=\count282
)
LaTeX Info: Redefining \ref on input line 73.
LaTeX Info: Redefining \pageref on input line 73.
LaTeX Info: Redefining \nameref on input line 73.

(./Miao Cai -CV - Chinese.out) (./Miao Cai -CV - Chinese.out)
\@outlinefile=\write3
\openout3 = `"Miao Cai -CV - Chinese.out"'.

LaTeX Font Info:    External font `cmex10' loaded for size
(Font)              <7> on input line 75.
LaTeX Font Info:    External font `cmex10' loaded for size
(Font)              <5> on input line 75.

Underfull \hbox (badness 10000) in paragraph at lines 86--87

 []

Package marginnote Info: Margin note 1.1 is on absolute page 1 on input line 97
.
Package marginnote Info: right page because not two side mode on input line 97.

Package marginnote Info: xpos seems to be 100.01144pt on input line 97.
LaTeX Font Info:    External font `cmex10' loaded for size
(Font)              <10.95> on input line 97.
LaTeX Font Info:    External font `cmex10' loaded for size
(Font)              <8> on input line 97.
LaTeX Font Info:    External font `cmex10' loaded for size
(Font)              <6> on input line 97.
Package marginnote Info: Margin note 1.2 is on absolute page 1 on input line 98
.
Package marginnote Info: right page because not two side mode on input line 98.

Package marginnote Info: xpos seems to be 100.01144pt on input line 98.
Package marginnote Info: Margin note 1.3 is on absolute page 1 on input line 99
.
Package marginnote Info: right page because not two side mode on input line 99.

Package marginnote Info: xpos seems to be 100.01144pt on input line 99.
Package marginnote Info: Margin note 1.4 is on absolute page 1 on input line 10
4.
Package marginnote Info: right page because not two side mode on input line 104
.
Package marginnote Info: xpos seems to be 100.01144pt on input line 104.

LaTeX Font Warning: Font shape `TU/SimSun(0)/m/sc' undefined
(Font)              using `TU/SimSun(0)/m/n' instead on input line 104.

Package marginnote Info: Margin note 1.5 is on absolute page 1 on input line 10
5.
Package marginnote Info: right page because not two side mode on input line 105
.
Package marginnote Info: xpos seems to be 100.01144pt on input line 105.
Package marginnote Info: Margin note 1.6 is on absolute page 1 on input line 10
6.
Package marginnote Info: right page because not two side mode on input line 106
.
Package marginnote Info: xpos seems to be 100.01144pt on input line 106.
Package marginnote Info: Margin note 1.7 is on absolute page 2 on input line 11
2.
Package marginnote Info: right page because not two side mode on input line 112
.
Package marginnote Info: xpos seems to be 100.01144pt on input line 112.
Package marginnote Info: Margin note 1.8 is on absolute page 2 on input line 11
3.
Package marginnote Info: right page because not two side mode on input line 113
.
Package marginnote Info: xpos seems to be 100.01144pt on input line 113.
Package marginnote Info: Margin note 1.9 is on absolute page 2 on input line 11
4.
Package marginnote Info: right page because not two side mode on input line 114
.
Package marginnote Info: xpos seems to be 100.01144pt on input line 114.
Package marginnote Info: Margin note 1.10 is on absolute page 2 on input line 1
15.
Package marginnote Info: right page because not two side mode on input line 115
.
Package marginnote Info: xpos seems to be 100.01144pt on input line 115.
Package marginnote Info: Margin note 1.11 is on absolute page 2 on input line 1
16.
Package marginnote Info: right page because not two side mode on input line 116
.
Package marginnote Info: xpos seems to be 100.01144pt on input line 116.
Package marginnote Info: Margin note 1.12 is on absolute page 2 on input line 1
17.
Package marginnote Info: right page because not two side mode on input line 117
.
Package marginnote Info: xpos seems to be 100.01144pt on input line 117.
Package marginnote Info: Margin note 1.13 is on absolute page 2 on input line 1
18.
Package marginnote Info: right page because not two side mode on input line 118
.
Package marginnote Info: xpos seems to be 100.01144pt on input line 118.
[1

]
Package marginnote Info: Margin note 2.1 is on absolute page 2 on input line 12
6.
Package marginnote Info: right page because not two side mode on input line 126
.
Package marginnote Info: xpos seems to be 100.01144pt on input line 126.
Package marginnote Info: Margin note 2.2 is on absolute page 2 on input line 12
7.
Package marginnote Info: right page because not two side mode on input line 127
.
Package marginnote Info: xpos seems to be 100.01144pt on input line 127.
Package marginnote Info: Margin note 2.3 is on absolute page 2 on input line 12
8.
Package marginnote Info: right page because not two side mode on input line 128
.
Package marginnote Info: xpos seems to be 100.01144pt on input line 128.
Package marginnote Info: Margin note 2.4 is on absolute page 2 on input line 12
9.
Package marginnote Info: right page because not two side mode on input line 129
.
Package marginnote Info: xpos seems to be 100.01144pt on input line 129.

Overfull \hbox (5.1089pt too wide) in paragraph at lines 125--130
|[]\TU/SimSun(0)/m/it/10.95           \TU/LinLibertine_R.otf(0)/m/it/
10.95 (National Science Foundation, NSF) \TU/LinLibertine_R.otf(0)/m/n/10.95 GO
ALI/Collaborative Research:
 []

Package marginnote Info: Margin note 2.5 is on absolute page 2 on input line 13
4.
Package marginnote Info: right page because not two side mode on input line 134
.
Package marginnote Info: xpos seems to be 100.01144pt on input line 134.
Package marginnote Info: Margin note 2.6 is on absolute page 2 on input line 13
5.
Package marginnote Info: right page because not two side mode on input line 135
.
Package marginnote Info: xpos seems to be 100.01144pt on input line 135.
Package marginnote Info: Margin note 2.7 is on absolute page 2 on input line 13
6.
Package marginnote Info: right page because not two side mode on input line 136
.
Package marginnote Info: xpos seems to be 100.01144pt on input line 136.
Package marginnote Info: Margin note 2.8 is on absolute page 2 on input line 13
7.
Package marginnote Info: right page because not two side mode on input line 137
.
Package marginnote Info: xpos seems to be 100.01144pt on input line 137.
Package marginnote Info: Margin note 2.9 is on absolute page 2 on input line 13
8.
Package marginnote Info: right page because not two side mode on input line 138
.
Package marginnote Info: xpos seems to be 100.01144pt on input line 138.
Package marginnote Info: Margin note 2.10 is on absolute page 2 on input line 1
39.
Package marginnote Info: right page because not two side mode on input line 139
.
Package marginnote Info: xpos seems to be 100.01144pt on input line 139.
Package marginnote Info: Margin note 2.11 is on absolute page 2 on input line 1
40.
Package marginnote Info: right page because not two side mode on input line 140
.
Package marginnote Info: xpos seems to be 100.01144pt on input line 140.
Package marginnote Info: Margin note 2.12 is on absolute page 2 on input line 1
41.
Package marginnote Info: right page because not two side mode on input line 141
.
Package marginnote Info: xpos seems to be 100.01144pt on input line 141.

Underfull \hbox (badness 10000) in paragraph at lines 133--142

 []

Package marginnote Info: Margin note 2.13 is on absolute page 3 on input line 1
47.
Package marginnote Info: right page because not two side mode on input line 147
.
Package marginnote Info: xpos seems to be 100.01144pt on input line 147.
Package marginnote Info: Margin note 2.14 is on absolute page 3 on input line 1
48.
Package marginnote Info: right page because not two side mode on input line 148
.
Package marginnote Info: xpos seems to be 100.01144pt on input line 148.
Package marginnote Info: Margin note 2.15 is on absolute page 3 on input line 1
49.
Package marginnote Info: right page because not two side mode on input line 149
.
Package marginnote Info: xpos seems to be 100.01144pt on input line 149.
Package marginnote Info: Margin note 2.16 is on absolute page 3 on input line 1
50.
Package marginnote Info: right page because not two side mode on input line 150
.
Package marginnote Info: xpos seems to be 100.01144pt on input line 150.
Package marginnote Info: Margin note 2.17 is on absolute page 3 on input line 1
51.
Package marginnote Info: right page because not two side mode on input line 151
.
Package marginnote Info: xpos seems to be 100.01144pt on input line 151.
Package marginnote Info: Margin note 2.18 is on absolute page 3 on input line 1
52.
Package marginnote Info: right page because not two side mode on input line 152
.
Package marginnote Info: xpos seems to be 100.01144pt on input line 152.
Package marginnote Info: Margin note 2.19 is on absolute page 3 on input line 1
53.
Package marginnote Info: right page because not two side mode on input line 153
.
Package marginnote Info: xpos seems to be 100.01144pt on input line 153.
Package marginnote Info: Margin note 2.20 is on absolute page 3 on input line 1
54.
Package marginnote Info: right page because not two side mode on input line 154
.
Package marginnote Info: xpos seems to be 100.01144pt on input line 154.
Package marginnote Info: Margin note 2.21 is on absolute page 3 on input line 1
55.
Package marginnote Info: right page because not two side mode on input line 155
.
Package marginnote Info: xpos seems to be 100.01144pt on input line 155.
Package marginnote Info: Margin note 2.22 is on absolute page 3 on input line 1
56.
Package marginnote Info: right page because not two side mode on input line 156
.
Package marginnote Info: xpos seems to be 100.01144pt on input line 156.
Package marginnote Info: Margin note 2.23 is on absolute page 4 on input line 1
57.
Package marginnote Info: right page because not two side mode on input line 157
.
Package marginnote Info: xpos seems to be 100.01144pt on input line 157.
[2] [3]
Package marginnote Info: Margin note 4.1 is on absolute page 4 on input line 16
1.
Package marginnote Info: right page because not two side mode on input line 161
.
Package marginnote Info: xpos seems to be 100.01144pt on input line 161.
Package marginnote Info: Margin note 4.2 is on absolute page 4 on input line 16
2.
Package marginnote Info: right page because not two side mode on input line 162
.
Package marginnote Info: xpos seems to be 100.01144pt on input line 162.
Package marginnote Info: Margin note 4.3 is on absolute page 4 on input line 16
3.
Package marginnote Info: right page because not two side mode on input line 163
.
Package marginnote Info: xpos seems to be 100.01144pt on input line 163.
Package marginnote Info: Margin note 4.4 is on absolute page 4 on input line 16
7.
Package marginnote Info: right page because not two side mode on input line 167
.
Package marginnote Info: xpos seems to be 100.01144pt on input line 167.
Package marginnote Info: Margin note 4.5 is on absolute page 4 on input line 17
1.
Package marginnote Info: right page because not two side mode on input line 171
.
Package marginnote Info: xpos seems to be 100.01144pt on input line 171.
Package marginnote Info: Margin note 4.6 is on absolute page 4 on input line 17
2.
Package marginnote Info: right page because not two side mode on input line 172
.
Package marginnote Info: xpos seems to be 100.01144pt on input line 172.
Package marginnote Info: Margin note 4.7 is on absolute page 4 on input line 17
3.
Package marginnote Info: right page because not two side mode on input line 173
.
Package marginnote Info: xpos seems to be 100.01144pt on input line 173.
Package marginnote Info: Margin note 4.8 is on absolute page 4 on input line 17
4.
Package marginnote Info: right page because not two side mode on input line 174
.
Package marginnote Info: xpos seems to be 100.01144pt on input line 174.
Package marginnote Info: Margin note 4.9 is on absolute page 5 on input line 17
5.
Package marginnote Info: right page because not two side mode on input line 175
.
Package marginnote Info: xpos seems to be 100.01144pt on input line 175.
Package marginnote Info: Margin note 4.10 is on absolute page 5 on input line 1
76.
Package marginnote Info: right page because not two side mode on input line 176
.
Package marginnote Info: xpos seems to be 100.01144pt on input line 176.
Package marginnote Info: Margin note 4.11 is on absolute page 5 on input line 1
77.
Package marginnote Info: right page because not two side mode on input line 177
.
Package marginnote Info: xpos seems to be 100.01144pt on input line 177.
Package marginnote Info: Margin note 4.12 is on absolute page 5 on input line 1
78.
Package marginnote Info: right page because not two side mode on input line 178
.
Package marginnote Info: xpos seems to be 100.01144pt on input line 178.
Package marginnote Info: Margin note 4.13 is on absolute page 5 on input line 1
79.
Package marginnote Info: right page because not two side mode on input line 179
.
Package marginnote Info: xpos seems to be 100.01144pt on input line 179.
Package marginnote Info: Margin note 4.14 is on absolute page 5 on input line 1
80.
Package marginnote Info: right page because not two side mode on input line 180
.
Package marginnote Info: xpos seems to be 100.01144pt on input line 180.
Package marginnote Info: Margin note 4.15 is on absolute page 5 on input line 1
81.
Package marginnote Info: right page because not two side mode on input line 181
.
Package marginnote Info: xpos seems to be 100.01144pt on input line 181.
Package marginnote Info: Margin note 4.16 is on absolute page 5 on input line 1
82.
Package marginnote Info: right page because not two side mode on input line 182
.
Package marginnote Info: xpos seems to be 100.01144pt on input line 182.
Package marginnote Info: Margin note 4.17 is on absolute page 5 on input line 1
83.
Package marginnote Info: right page because not two side mode on input line 183
.
Package marginnote Info: xpos seems to be 100.01144pt on input line 183.
 [4] [5]
Package atveryend Info: Empty hook `BeforeClearDocument' on input line 212.
 [6]
Package atveryend Info: Empty hook `AfterLastShipout' on input line 212.
 (./Miao Cai -CV - Chinese.aux)
Package atveryend Info: Empty hook `AtVeryEndDocument' on input line 212.
Package atveryend Info: Executing hook `AtEndAfterFileList' on input line 212.
Package rerunfilecheck Info: File `"Miao Cai -CV - Chinese".out' has not change
d.
(rerunfilecheck)             Checksum: .


LaTeX Font Warning: Some font shapes were not available, defaults substituted.

Package atveryend Info: Empty hook `AtVeryVeryEnd' on input line 212.
 ) 
Here is how much of TeX's memory you used:
 28515 strings out of 492956
 550068 string characters out of 6136893
 625035 words of memory out of 5000000
 32269 multiletter control sequences out of 15000+600000
 536515 words of font info for 71 fonts, out of 8000000 for 9000
 1348 hyphenation exceptions out of 8191
 52i,11n,84p,534b,443s stack positions out of 5000i,500n,10000p,200000b,80000s

Output written on Miao Cai -CV - Chinese.pdf (6 pages).
