mktextfm STXihei/OT
mktextfm STXihei/OT
mktextfm STXihei/OT
mktextfm STXihei/BI/OT
mktextfm STXihei/OT
mktextfm STXihei/I/OT
mktextfm STXihei/OT
mktextfm STXihei/OT
mktextfm FZXiaoBiaoSong-B05S/OT
mktextfm FZXiaoBiaoSong-B05S/OT
mktextfm FZXiaoBiaoSong-B05S/OT
mktextfm FZXiaoBiaoSong-B05S/BI/OT
mktextfm FZXiaoBiaoSong-B05S/OT
mktextfm FZXiaoBiaoSong-B05S/B/OT
mktextfm FZXiaoBiaoSong-B05S/OT
mktextfm FZXiaoBiaoSong-B05S/I/OT
mktextfm FZXiaoBiaoSong-B05S/OT
mktextfm FZXiaoBiaoSong-B05S/OT
mktextfm FZXiaoBiaoSong-B05S/OT
mktextfm FZXiaoBiaoSong-B05S/OT
mktextfm FZXiaoBiaoSong-B05S/OT
mktextfm FZXiaoBiaoSong-B05S/OT
mktextfm FZXiaoBiaoSong-B05S/OT
mktextfm FZXiaoBiaoSong-B05S/OT
mktextfm FZXiaoBiaoSong-B05S/BI/OT
mktextfm FZXiaoBiaoSong-B05S/OT
mktextfm FZXiaoBiaoSong-B05S/B/OT
mktextfm FZXiaoBiaoSong-B05S/OT
mktextfm FZXiaoBiaoSong-B05S/I/OT
mktextfm FZXiaoBiaoSong-B05S/OT
mktextfm FZXiaoBiaoSong-B05S/OT
mktextfm FZXiaoBiaoSong-B05S/OT
mktextfm FZXiaoBiaoSong-B05S/OT
mktextfm FZXiaoBiaoSong-B05S/OT
